2022-09-09 13:18:45.822  INFO 12664 --- [restartedMain] v.t.s.StoryReadingWebsiteApplication     : Starting StoryReadingWebsiteApplication using Java 17.0.3 on DESKTOP-UK4D7GR with PID 12664 (D:\Techmaster\DoAn\StoryReadingWebsite\target\classes started by Hoang Dat in D:\Techmaster\DoAn\StoryReadingWebsite)
2022-09-09 13:18:45.830  INFO 12664 --- [restartedMain] v.t.s.StoryReadingWebsiteApplication     : No active profile set, falling back to 1 default profile: "default"
2022-09-09 13:18:45.897  INFO 12664 --- [restartedMain] .e.DevToolsPropertyDefaultsPostProcessor : Devtools property defaults active! Set 'spring.devtools.add-properties' to 'false' to disable
2022-09-09 13:18:45.898  INFO 12664 --- [restartedMain] .e.DevToolsPropertyDefaultsPostProcessor : For additional web related logging consider setting the 'logging.level.web' property to 'DEBUG'
2022-09-09 13:18:46.853  INFO 12664 --- [restartedMain] .s.d.r.c.RepositoryConfigurationDelegate : Bootstrapping Spring Data JPA repositories in DEFAULT mode.
2022-09-09 13:18:46.937  INFO 12664 --- [restartedMain] .s.d.r.c.RepositoryConfigurationDelegate : Finished Spring Data repository scanning in 74 ms. Found 5 JPA repository interfaces.
2022-09-09 13:18:47.687  INFO 12664 --- [restartedMain] o.s.b.w.embedded.tomcat.TomcatWebServer  : Tomcat initialized with port(s): 8080 (http)
2022-09-09 13:18:47.699  INFO 12664 --- [restartedMain] o.apache.catalina.core.StandardService   : Starting service [Tomcat]
2022-09-09 13:18:47.699  INFO 12664 --- [restartedMain] org.apache.catalina.core.StandardEngine  : Starting Servlet engine: [Apache Tomcat/9.0.64]
2022-09-09 13:18:47.826  INFO 12664 --- [restartedMain] o.a.c.c.C.[Tomcat].[localhost].[/]       : Initializing Spring embedded WebApplicationContext
2022-09-09 13:18:47.826  INFO 12664 --- [restartedMain] w.s.c.ServletWebServerApplicationContext : Root WebApplicationContext: initialization completed in 1927 ms
2022-09-09 13:18:47.860  INFO 12664 --- [restartedMain] com.zaxxer.hikari.HikariDataSource       : HikariPool-1 - Starting...
2022-09-09 13:18:47.864  WARN 12664 --- [restartedMain] com.zaxxer.hikari.util.DriverDataSource  : Registered driver with driverClassName=com.mysql.jdbc.Driver was not found, trying direct instantiation.
2022-09-09 13:18:48.032  INFO 12664 --- [restartedMain] com.zaxxer.hikari.HikariDataSource       : HikariPool-1 - Start completed.
2022-09-09 13:18:48.047  INFO 12664 --- [restartedMain] o.s.b.a.h2.H2ConsoleAutoConfiguration    : H2 console available at '/h2-console'. Database available at 'jdbc:mysql://localhost:3306/truyendb?createDatabaseIfNotExist=true&useSSL=false&useJDBCCompliantTimezoneShift=true&useLegacyDatetimeCode=false&serverTimezone=UTC'
2022-09-09 13:18:48.187  INFO 12664 --- [restartedMain] o.hibernate.jpa.internal.util.LogHelper  : HHH000204: Processing PersistenceUnitInfo [name: default]
2022-09-09 13:18:48.252  INFO 12664 --- [restartedMain] org.hibernate.Version                    : HHH000412: Hibernate ORM core version 5.6.9.Final
2022-09-09 13:18:48.426  INFO 12664 --- [restartedMain] o.hibernate.annotations.common.Version   : HCANN000001: Hibernate Commons Annotations {5.1.2.Final}
2022-09-09 13:18:48.533  INFO 12664 --- [restartedMain] org.hibernate.dialect.Dialect            : HHH000400: Using dialect: org.hibernate.dialect.MySQL5InnoDBDialect
2022-09-09 13:18:49.261  INFO 12664 --- [restartedMain] o.h.e.t.j.p.i.JtaPlatformInitiator       : HHH000490: Using JtaPlatform implementation: [org.hibernate.engine.transaction.jta.platform.internal.NoJtaPlatform]
2022-09-09 13:18:49.267  INFO 12664 --- [restartedMain] j.LocalContainerEntityManagerFactoryBean : Initialized JPA EntityManagerFactory for persistence unit 'default'
2022-09-09 13:18:49.887  INFO 12664 --- [restartedMain] o.s.s.web.DefaultSecurityFilterChain     : Will secure Ant [pattern='/admin/**'] with [org.springframework.security.web.session.DisableEncodeUrlFilter@d77d23a, org.springframework.security.web.context.request.async.WebAsyncManagerIntegrationFilter@197eea56, org.springframework.security.web.context.SecurityContextPersistenceFilter@5b2c2573, org.springframework.security.web.header.HeaderWriterFilter@1182043e, org.springframework.security.web.csrf.CsrfFilter@25549a98, org.springframework.security.web.authentication.logout.LogoutFilter@5e3756f1, org.springframework.security.web.authentication.UsernamePasswordAuthenticationFilter@2355724c, org.springframework.security.web.savedrequest.RequestCacheAwareFilter@5dccb8d9, org.springframework.security.web.servletapi.SecurityContextHolderAwareRequestFilter@2c81ba1b, org.springframework.security.web.authentication.AnonymousAuthenticationFilter@ed8ff29, org.springframework.security.web.session.SessionManagementFilter@6ac5197, org.springframework.security.web.access.ExceptionTranslationFilter@7b14fdf4, org.springframework.security.web.access.intercept.FilterSecurityInterceptor@57e1e356]
2022-09-09 13:18:50.021  WARN 12664 --- [restartedMain] JpaBaseConfiguration$JpaWebConfiguration : spring.jpa.open-in-view is enabled by default. Therefore, database queries may be performed during view rendering. Explicitly configure spring.jpa.open-in-view to disable this warning
2022-09-09 13:18:50.162  INFO 12664 --- [restartedMain] o.s.b.a.w.s.WelcomePageHandlerMapping    : Adding welcome page template: index
2022-09-09 13:18:51.321  INFO 12664 --- [restartedMain] o.s.b.d.a.OptionalLiveReloadServer       : LiveReload server is running on port 35729
2022-09-09 13:18:51.369  INFO 12664 --- [restartedMain] o.s.b.w.embedded.tomcat.TomcatWebServer  : Tomcat started on port(s): 8080 (http) with context path ''
2022-09-09 13:18:51.390  INFO 12664 --- [restartedMain] v.t.s.StoryReadingWebsiteApplication     : Started StoryReadingWebsiteApplication in 6.145 seconds (JVM running for 7.303)
2022-09-09 13:18:55.307  INFO 12664 --- [http-nio-8080-exec-1] o.a.c.c.C.[Tomcat].[localhost].[/]       : Initializing Spring DispatcherServlet 'dispatcherServlet'
2022-09-09 13:18:55.307  INFO 12664 --- [http-nio-8080-exec-1] o.s.web.servlet.DispatcherServlet        : Initializing Servlet 'dispatcherServlet'
2022-09-09 13:18:55.311  INFO 12664 --- [http-nio-8080-exec-1] o.s.web.servlet.DispatcherServlet        : Completed initialization in 3 ms
2022-09-09 13:18:56.457 ERROR 12664 --- [http-nio-8080-exec-6] v.t.s.controller.CustomErrorController   : Lỗi 404
2022-09-09 13:19:02.112 ERROR 12664 --- [http-nio-8080-exec-10] v.t.s.controller.CustomErrorController   : Lỗi 404
2022-09-09 13:19:05.809 ERROR 12664 --- [http-nio-8080-exec-1] v.t.s.controller.CustomErrorController   : Lỗi 404
2022-09-09 13:21:19.751  INFO 12664 --- [SpringApplicationShutdownHook] j.LocalContainerEntityManagerFactoryBean : Closing JPA EntityManagerFactory for persistence unit 'default'
2022-09-09 13:21:19.756  INFO 12664 --- [SpringApplicationShutdownHook] com.zaxxer.hikari.HikariDataSource       : HikariPool-1 - Shutdown initiated...
2022-09-09 13:21:19.763  INFO 12664 --- [SpringApplicationShutdownHook] com.zaxxer.hikari.HikariDataSource       : HikariPool-1 - Shutdown completed.
2022-09-09 13:21:23.653  INFO 18936 --- [restartedMain] v.t.s.StoryReadingWebsiteApplication     : Starting StoryReadingWebsiteApplication using Java 17.0.3 on DESKTOP-UK4D7GR with PID 18936 (D:\Techmaster\DoAn\StoryReadingWebsite\target\classes started by Hoang Dat in D:\Techmaster\DoAn\StoryReadingWebsite)
2022-09-09 13:21:23.655  INFO 18936 --- [restartedMain] v.t.s.StoryReadingWebsiteApplication     : No active profile set, falling back to 1 default profile: "default"
2022-09-09 13:21:23.703  INFO 18936 --- [restartedMain] .e.DevToolsPropertyDefaultsPostProcessor : Devtools property defaults active! Set 'spring.devtools.add-properties' to 'false' to disable
2022-09-09 13:21:23.703  INFO 18936 --- [restartedMain] .e.DevToolsPropertyDefaultsPostProcessor : For additional web related logging consider setting the 'logging.level.web' property to 'DEBUG'
2022-09-09 13:21:24.428  INFO 18936 --- [restartedMain] .s.d.r.c.RepositoryConfigurationDelegate : Bootstrapping Spring Data JPA repositories in DEFAULT mode.
2022-09-09 13:21:24.498  INFO 18936 --- [restartedMain] .s.d.r.c.RepositoryConfigurationDelegate : Finished Spring Data repository scanning in 62 ms. Found 5 JPA repository interfaces.
2022-09-09 13:21:25.046  INFO 18936 --- [restartedMain] o.s.b.w.embedded.tomcat.TomcatWebServer  : Tomcat initialized with port(s): 8080 (http)
2022-09-09 13:21:25.053  INFO 18936 --- [restartedMain] o.apache.catalina.core.StandardService   : Starting service [Tomcat]
2022-09-09 13:21:25.053  INFO 18936 --- [restartedMain] org.apache.catalina.core.StandardEngine  : Starting Servlet engine: [Apache Tomcat/9.0.64]
2022-09-09 13:21:25.146  INFO 18936 --- [restartedMain] o.a.c.c.C.[Tomcat].[localhost].[/]       : Initializing Spring embedded WebApplicationContext
2022-09-09 13:21:25.147  INFO 18936 --- [restartedMain] w.s.c.ServletWebServerApplicationContext : Root WebApplicationContext: initialization completed in 1443 ms
2022-09-09 13:21:25.176  INFO 18936 --- [restartedMain] com.zaxxer.hikari.HikariDataSource       : HikariPool-1 - Starting...
2022-09-09 13:21:25.180  WARN 18936 --- [restartedMain] com.zaxxer.hikari.util.DriverDataSource  : Registered driver with driverClassName=com.mysql.jdbc.Driver was not found, trying direct instantiation.
2022-09-09 13:21:25.287  INFO 18936 --- [restartedMain] com.zaxxer.hikari.HikariDataSource       : HikariPool-1 - Start completed.
2022-09-09 13:21:25.296  INFO 18936 --- [restartedMain] o.s.b.a.h2.H2ConsoleAutoConfiguration    : H2 console available at '/h2-console'. Database available at 'jdbc:mysql://localhost:3306/truyendb?createDatabaseIfNotExist=true&useSSL=false&useJDBCCompliantTimezoneShift=true&useLegacyDatetimeCode=false&serverTimezone=UTC'
2022-09-09 13:21:25.355  WARN 18936 --- [restartedMain] o.a.c.c.C.[Tomcat].[localhost].[/]       : Cannot deserialize session attribute [SPRING_SECURITY_CONTEXT] for session [A5DB05B9975297B47DE78D41293A7A9E]
2022-09-09 13:21:25.430  INFO 18936 --- [restartedMain] o.hibernate.jpa.internal.util.LogHelper  : HHH000204: Processing PersistenceUnitInfo [name: default]
2022-09-09 13:21:25.462  INFO 18936 --- [restartedMain] org.hibernate.Version                    : HHH000412: Hibernate ORM core version 5.6.9.Final
2022-09-09 13:21:25.573  INFO 18936 --- [restartedMain] o.hibernate.annotations.common.Version   : HCANN000001: Hibernate Commons Annotations {5.1.2.Final}
2022-09-09 13:21:25.643  INFO 18936 --- [restartedMain] org.hibernate.dialect.Dialect            : HHH000400: Using dialect: org.hibernate.dialect.MySQL5InnoDBDialect
2022-09-09 13:21:26.266  INFO 18936 --- [restartedMain] o.h.e.t.j.p.i.JtaPlatformInitiator       : HHH000490: Using JtaPlatform implementation: [org.hibernate.engine.transaction.jta.platform.internal.NoJtaPlatform]
2022-09-09 13:21:26.274  INFO 18936 --- [restartedMain] j.LocalContainerEntityManagerFactoryBean : Initialized JPA EntityManagerFactory for persistence unit 'default'
2022-09-09 13:21:26.915  INFO 18936 --- [restartedMain] o.s.s.web.DefaultSecurityFilterChain     : Will secure Ant [pattern='/admin/**'] with [org.springframework.security.web.session.DisableEncodeUrlFilter@670aca6c, org.springframework.security.web.context.request.async.WebAsyncManagerIntegrationFilter@43c14f9a, org.springframework.security.web.context.SecurityContextPersistenceFilter@42e293de, org.springframework.security.web.header.HeaderWriterFilter@64e62647, org.springframework.security.web.csrf.CsrfFilter@22198fca, org.springframework.security.web.authentication.logout.LogoutFilter@f34775c, org.springframework.security.web.authentication.UsernamePasswordAuthenticationFilter@74c2e7df, org.springframework.security.web.savedrequest.RequestCacheAwareFilter@21a80a18, org.springframework.security.web.servletapi.SecurityContextHolderAwareRequestFilter@2492a7b9, org.springframework.security.web.authentication.AnonymousAuthenticationFilter@205ea422, org.springframework.security.web.session.SessionManagementFilter@71598215, org.springframework.security.web.access.ExceptionTranslationFilter@655d34aa, org.springframework.security.web.access.intercept.FilterSecurityInterceptor@5a9c24f]
2022-09-09 13:21:27.046  WARN 18936 --- [restartedMain] JpaBaseConfiguration$JpaWebConfiguration : spring.jpa.open-in-view is enabled by default. Therefore, database queries may be performed during view rendering. Explicitly configure spring.jpa.open-in-view to disable this warning
2022-09-09 13:21:27.189  INFO 18936 --- [restartedMain] o.s.b.a.w.s.WelcomePageHandlerMapping    : Adding welcome page template: index
2022-09-09 13:21:28.187  INFO 18936 --- [restartedMain] o.s.b.d.a.OptionalLiveReloadServer       : LiveReload server is running on port 35729
2022-09-09 13:21:28.233  INFO 18936 --- [restartedMain] o.s.b.w.embedded.tomcat.TomcatWebServer  : Tomcat started on port(s): 8080 (http) with context path ''
2022-09-09 13:21:28.247  INFO 18936 --- [restartedMain] v.t.s.StoryReadingWebsiteApplication     : Started StoryReadingWebsiteApplication in 5.021 seconds (JVM running for 6.16)
2022-09-09 13:21:31.452  INFO 18936 --- [http-nio-8080-exec-1] o.a.c.c.C.[Tomcat].[localhost].[/]       : Initializing Spring DispatcherServlet 'dispatcherServlet'
2022-09-09 13:21:31.452  INFO 18936 --- [http-nio-8080-exec-1] o.s.web.servlet.DispatcherServlet        : Initializing Servlet 'dispatcherServlet'
2022-09-09 13:21:31.453  INFO 18936 --- [http-nio-8080-exec-1] o.s.web.servlet.DispatcherServlet        : Completed initialization in 1 ms
2022-09-09 13:21:34.887 ERROR 18936 --- [http-nio-8080-exec-9] v.t.s.controller.CustomErrorController   : Lỗi 404
2022-09-09 13:22:06.151  INFO 18936 --- [SpringApplicationShutdownHook] j.LocalContainerEntityManagerFactoryBean : Closing JPA EntityManagerFactory for persistence unit 'default'
2022-09-09 13:22:06.154  INFO 18936 --- [SpringApplicationShutdownHook] com.zaxxer.hikari.HikariDataSource       : HikariPool-1 - Shutdown initiated...
2022-09-09 13:22:06.160  INFO 18936 --- [SpringApplicationShutdownHook] com.zaxxer.hikari.HikariDataSource       : HikariPool-1 - Shutdown completed.
2022-09-09 13:22:10.032  INFO 10956 --- [restartedMain] v.t.s.StoryReadingWebsiteApplication     : Starting StoryReadingWebsiteApplication using Java 17.0.3 on DESKTOP-UK4D7GR with PID 10956 (D:\Techmaster\DoAn\StoryReadingWebsite\target\classes started by Hoang Dat in D:\Techmaster\DoAn\StoryReadingWebsite)
2022-09-09 13:22:10.034  INFO 10956 --- [restartedMain] v.t.s.StoryReadingWebsiteApplication     : No active profile set, falling back to 1 default profile: "default"
2022-09-09 13:22:10.083  INFO 10956 --- [restartedMain] .e.DevToolsPropertyDefaultsPostProcessor : Devtools property defaults active! Set 'spring.devtools.add-properties' to 'false' to disable
2022-09-09 13:22:10.083  INFO 10956 --- [restartedMain] .e.DevToolsPropertyDefaultsPostProcessor : For additional web related logging consider setting the 'logging.level.web' property to 'DEBUG'
2022-09-09 13:22:10.870  INFO 10956 --- [restartedMain] .s.d.r.c.RepositoryConfigurationDelegate : Bootstrapping Spring Data JPA repositories in DEFAULT mode.
2022-09-09 13:22:10.944  INFO 10956 --- [restartedMain] .s.d.r.c.RepositoryConfigurationDelegate : Finished Spring Data repository scanning in 66 ms. Found 5 JPA repository interfaces.
2022-09-09 13:22:11.486  INFO 10956 --- [restartedMain] o.s.b.w.embedded.tomcat.TomcatWebServer  : Tomcat initialized with port(s): 8080 (http)
2022-09-09 13:22:11.493  INFO 10956 --- [restartedMain] o.apache.catalina.core.StandardService   : Starting service [Tomcat]
2022-09-09 13:22:11.494  INFO 10956 --- [restartedMain] org.apache.catalina.core.StandardEngine  : Starting Servlet engine: [Apache Tomcat/9.0.64]
2022-09-09 13:22:11.582  INFO 10956 --- [restartedMain] o.a.c.c.C.[Tomcat].[localhost].[/]       : Initializing Spring embedded WebApplicationContext
2022-09-09 13:22:11.582  INFO 10956 --- [restartedMain] w.s.c.ServletWebServerApplicationContext : Root WebApplicationContext: initialization completed in 1498 ms
2022-09-09 13:22:11.610  INFO 10956 --- [restartedMain] com.zaxxer.hikari.HikariDataSource       : HikariPool-1 - Starting...
2022-09-09 13:22:11.613  WARN 10956 --- [restartedMain] com.zaxxer.hikari.util.DriverDataSource  : Registered driver with driverClassName=com.mysql.jdbc.Driver was not found, trying direct instantiation.
2022-09-09 13:22:11.721  INFO 10956 --- [restartedMain] com.zaxxer.hikari.HikariDataSource       : HikariPool-1 - Start completed.
2022-09-09 13:22:11.730  INFO 10956 --- [restartedMain] o.s.b.a.h2.H2ConsoleAutoConfiguration    : H2 console available at '/h2-console'. Database available at 'jdbc:mysql://localhost:3306/truyendb?createDatabaseIfNotExist=true&useSSL=false&useJDBCCompliantTimezoneShift=true&useLegacyDatetimeCode=false&serverTimezone=UTC'
2022-09-09 13:22:11.792  WARN 10956 --- [restartedMain] o.a.c.c.C.[Tomcat].[localhost].[/]       : Cannot deserialize session attribute [SPRING_SECURITY_CONTEXT] for session [65C3B077FD4CF3C01E0B55FD7B6B2483]
2022-09-09 13:22:11.862  INFO 10956 --- [restartedMain] o.hibernate.jpa.internal.util.LogHelper  : HHH000204: Processing PersistenceUnitInfo [name: default]
2022-09-09 13:22:11.897  INFO 10956 --- [restartedMain] org.hibernate.Version                    : HHH000412: Hibernate ORM core version 5.6.9.Final
2022-09-09 13:22:12.005  INFO 10956 --- [restartedMain] o.hibernate.annotations.common.Version   : HCANN000001: Hibernate Commons Annotations {5.1.2.Final}
2022-09-09 13:22:12.076  INFO 10956 --- [restartedMain] org.hibernate.dialect.Dialect            : HHH000400: Using dialect: org.hibernate.dialect.MySQL5InnoDBDialect
2022-09-09 13:22:12.786  INFO 10956 --- [restartedMain] o.h.e.t.j.p.i.JtaPlatformInitiator       : HHH000490: Using JtaPlatform implementation: [org.hibernate.engine.transaction.jta.platform.internal.NoJtaPlatform]
2022-09-09 13:22:12.793  INFO 10956 --- [restartedMain] j.LocalContainerEntityManagerFactoryBean : Initialized JPA EntityManagerFactory for persistence unit 'default'
2022-09-09 13:22:13.432  INFO 10956 --- [restartedMain] o.s.s.web.DefaultSecurityFilterChain     : Will secure Ant [pattern='/admin/**'] with [org.springframework.security.web.session.DisableEncodeUrlFilter@5e11fbaf, org.springframework.security.web.context.request.async.WebAsyncManagerIntegrationFilter@1c1fed77, org.springframework.security.web.context.SecurityContextPersistenceFilter@6a249f4b, org.springframework.security.web.header.HeaderWriterFilter@21a80a18, org.springframework.security.web.csrf.CsrfFilter@3083aa50, org.springframework.security.web.authentication.logout.LogoutFilter@26f10754, org.springframework.security.web.authentication.UsernamePasswordAuthenticationFilter@3f72b58e, org.springframework.security.web.savedrequest.RequestCacheAwareFilter@7c466051, org.springframework.security.web.servletapi.SecurityContextHolderAwareRequestFilter@7552f6b7, org.springframework.security.web.authentication.AnonymousAuthenticationFilter@366be5bf, org.springframework.security.web.session.SessionManagementFilter@72b8bc96, org.springframework.security.web.access.ExceptionTranslationFilter@c0a5d4a, org.springframework.security.web.access.intercept.FilterSecurityInterceptor@670aca6c]
2022-09-09 13:22:13.556  WARN 10956 --- [restartedMain] JpaBaseConfiguration$JpaWebConfiguration : spring.jpa.open-in-view is enabled by default. Therefore, database queries may be performed during view rendering. Explicitly configure spring.jpa.open-in-view to disable this warning
2022-09-09 13:22:13.691  INFO 10956 --- [restartedMain] o.s.b.a.w.s.WelcomePageHandlerMapping    : Adding welcome page template: index
2022-09-09 13:22:14.635  INFO 10956 --- [restartedMain] o.s.b.d.a.OptionalLiveReloadServer       : LiveReload server is running on port 35729
2022-09-09 13:22:14.677  INFO 10956 --- [restartedMain] o.s.b.w.embedded.tomcat.TomcatWebServer  : Tomcat started on port(s): 8080 (http) with context path ''
2022-09-09 13:22:14.690  INFO 10956 --- [restartedMain] v.t.s.StoryReadingWebsiteApplication     : Started StoryReadingWebsiteApplication in 5.077 seconds (JVM running for 6.205)
2022-09-09 13:22:17.673  INFO 10956 --- [http-nio-8080-exec-1] o.a.c.c.C.[Tomcat].[localhost].[/]       : Initializing Spring DispatcherServlet 'dispatcherServlet'
2022-09-09 13:22:17.674  INFO 10956 --- [http-nio-8080-exec-1] o.s.web.servlet.DispatcherServlet        : Initializing Servlet 'dispatcherServlet'
2022-09-09 13:22:17.675  INFO 10956 --- [http-nio-8080-exec-1] o.s.web.servlet.DispatcherServlet        : Completed initialization in 1 ms
2022-09-09 13:22:20.973 ERROR 10956 --- [http-nio-8080-exec-9] v.t.s.controller.CustomErrorController   : Lỗi 404
2022-09-09 13:22:24.420  WARN 10956 --- [http-nio-8080-exec-5] .w.s.m.s.DefaultHandlerExceptionResolver : Resolved [org.springframework.validation.BindException: org.springframework.validation.BeanPropertyBindingResult: 3 errors<EOL>Field error in object 'story' on field 'image': rejected value [null]; codes [NotEmpty.story.image,NotEmpty.image,NotEmpty.java.lang.String,NotEmpty]; arguments [org.springframework.context.support.DefaultMessageSourceResolvable: codes [story.image,image]; arguments []; default message [image]]; default message [Cannot be empty.]<EOL>Field error in object 'story' on field 'author': rejected value []; codes [NotEmpty.story.author,NotEmpty.author,NotEmpty.java.lang.String,NotEmpty]; arguments [org.springframework.context.support.DefaultMessageSourceResolvable: codes [story.author,author]; arguments []; default message [author]]; default message [Cannot be empty.]<EOL>Field error in object 'story' on field 'title': rejected value []; codes [NotEmpty.story.title,NotEmpty.title,NotEmpty.java.lang.String,NotEmpty]; arguments [org.springframework.context.support.DefaultMessageSourceResolvable: codes [story.title,title]; arguments []; default message [title]]; default message [Cannot be empty.]]
2022-09-09 13:22:24.428  WARN 10956 --- [http-nio-8080-exec-5] .w.s.m.s.DefaultHandlerExceptionResolver : Resolved [org.springframework.web.HttpRequestMethodNotSupportedException: Request method 'POST' not supported]
2022-09-09 13:22:30.481 ERROR 10956 --- [http-nio-8080-exec-3] v.t.s.controller.CustomErrorController   : Lỗi 404
2022-09-09 13:24:17.455  INFO 10956 --- [SpringApplicationShutdownHook] j.LocalContainerEntityManagerFactoryBean : Closing JPA EntityManagerFactory for persistence unit 'default'
2022-09-09 13:24:17.458  INFO 10956 --- [SpringApplicationShutdownHook] com.zaxxer.hikari.HikariDataSource       : HikariPool-1 - Shutdown initiated...
2022-09-09 13:24:17.463  INFO 10956 --- [SpringApplicationShutdownHook] com.zaxxer.hikari.HikariDataSource       : HikariPool-1 - Shutdown completed.
2022-09-09 13:30:58.387  INFO 17296 --- [restartedMain] v.t.s.StoryReadingWebsiteApplication     : Starting StoryReadingWebsiteApplication using Java 17.0.3 on DESKTOP-UK4D7GR with PID 17296 (D:\Techmaster\DoAn\StoryReadingWebsite\target\classes started by Hoang Dat in D:\Techmaster\DoAn\StoryReadingWebsite)
2022-09-09 13:30:58.389  INFO 17296 --- [restartedMain] v.t.s.StoryReadingWebsiteApplication     : No active profile set, falling back to 1 default profile: "default"
2022-09-09 13:30:58.436  INFO 17296 --- [restartedMain] .e.DevToolsPropertyDefaultsPostProcessor : Devtools property defaults active! Set 'spring.devtools.add-properties' to 'false' to disable
2022-09-09 13:30:58.436  INFO 17296 --- [restartedMain] .e.DevToolsPropertyDefaultsPostProcessor : For additional web related logging consider setting the 'logging.level.web' property to 'DEBUG'
2022-09-09 13:30:59.213  INFO 17296 --- [restartedMain] .s.d.r.c.RepositoryConfigurationDelegate : Bootstrapping Spring Data JPA repositories in DEFAULT mode.
2022-09-09 13:30:59.282  INFO 17296 --- [restartedMain] .s.d.r.c.RepositoryConfigurationDelegate : Finished Spring Data repository scanning in 62 ms. Found 5 JPA repository interfaces.
2022-09-09 13:30:59.830  INFO 17296 --- [restartedMain] o.s.b.w.embedded.tomcat.TomcatWebServer  : Tomcat initialized with port(s): 8080 (http)
2022-09-09 13:30:59.837  INFO 17296 --- [restartedMain] o.apache.catalina.core.StandardService   : Starting service [Tomcat]
2022-09-09 13:30:59.837  INFO 17296 --- [restartedMain] org.apache.catalina.core.StandardEngine  : Starting Servlet engine: [Apache Tomcat/9.0.64]
2022-09-09 13:30:59.932  INFO 17296 --- [restartedMain] o.a.c.c.C.[Tomcat].[localhost].[/]       : Initializing Spring embedded WebApplicationContext
2022-09-09 13:30:59.932  INFO 17296 --- [restartedMain] w.s.c.ServletWebServerApplicationContext : Root WebApplicationContext: initialization completed in 1495 ms
2022-09-09 13:30:59.960  INFO 17296 --- [restartedMain] com.zaxxer.hikari.HikariDataSource       : HikariPool-1 - Starting...
2022-09-09 13:30:59.964  WARN 17296 --- [restartedMain] com.zaxxer.hikari.util.DriverDataSource  : Registered driver with driverClassName=com.mysql.jdbc.Driver was not found, trying direct instantiation.
2022-09-09 13:31:00.087  INFO 17296 --- [restartedMain] com.zaxxer.hikari.HikariDataSource       : HikariPool-1 - Start completed.
2022-09-09 13:31:00.096  INFO 17296 --- [restartedMain] o.s.b.a.h2.H2ConsoleAutoConfiguration    : H2 console available at '/h2-console'. Database available at 'jdbc:mysql://localhost:3306/truyendb?createDatabaseIfNotExist=true&useSSL=false&useJDBCCompliantTimezoneShift=true&useLegacyDatetimeCode=false&serverTimezone=UTC'
2022-09-09 13:31:00.165  WARN 17296 --- [restartedMain] o.a.c.c.C.[Tomcat].[localhost].[/]       : Cannot deserialize session attribute [SPRING_SECURITY_CONTEXT] for session [25A1AD149DBEE613B6009949FE838D57]
2022-09-09 13:31:00.232  INFO 17296 --- [restartedMain] o.hibernate.jpa.internal.util.LogHelper  : HHH000204: Processing PersistenceUnitInfo [name: default]
2022-09-09 13:31:00.265  INFO 17296 --- [restartedMain] org.hibernate.Version                    : HHH000412: Hibernate ORM core version 5.6.9.Final
2022-09-09 13:31:00.376  INFO 17296 --- [restartedMain] o.hibernate.annotations.common.Version   : HCANN000001: Hibernate Commons Annotations {5.1.2.Final}
2022-09-09 13:31:00.458  INFO 17296 --- [restartedMain] org.hibernate.dialect.Dialect            : HHH000400: Using dialect: org.hibernate.dialect.MySQL5InnoDBDialect
2022-09-09 13:31:01.111  INFO 17296 --- [restartedMain] o.h.e.t.j.p.i.JtaPlatformInitiator       : HHH000490: Using JtaPlatform implementation: [org.hibernate.engine.transaction.jta.platform.internal.NoJtaPlatform]
2022-09-09 13:31:01.117  INFO 17296 --- [restartedMain] j.LocalContainerEntityManagerFactoryBean : Initialized JPA EntityManagerFactory for persistence unit 'default'
2022-09-09 13:31:01.679  INFO 17296 --- [restartedMain] o.s.s.web.DefaultSecurityFilterChain     : Will secure Ant [pattern='/admin/**'] with [org.springframework.security.web.session.DisableEncodeUrlFilter@61cad331, org.springframework.security.web.context.request.async.WebAsyncManagerIntegrationFilter@3f314ded, org.springframework.security.web.context.SecurityContextPersistenceFilter@c42d530, org.springframework.security.web.header.HeaderWriterFilter@697003d2, org.springframework.security.web.csrf.CsrfFilter@1dd458cc, org.springframework.security.web.authentication.logout.LogoutFilter@567ff018, org.springframework.security.web.authentication.UsernamePasswordAuthenticationFilter@217a4923, org.springframework.security.web.savedrequest.RequestCacheAwareFilter@7a8b6868, org.springframework.security.web.servletapi.SecurityContextHolderAwareRequestFilter@96af926, org.springframework.security.web.authentication.AnonymousAuthenticationFilter@4cf12879, org.springframework.security.web.session.SessionManagementFilter@2d8fdc23, org.springframework.security.web.access.ExceptionTranslationFilter@61b81209, org.springframework.security.web.access.intercept.FilterSecurityInterceptor@567ec8b2]
2022-09-09 13:31:01.805  WARN 17296 --- [restartedMain] JpaBaseConfiguration$JpaWebConfiguration : spring.jpa.open-in-view is enabled by default. Therefore, database queries may be performed during view rendering. Explicitly configure spring.jpa.open-in-view to disable this warning
2022-09-09 13:31:01.946  INFO 17296 --- [restartedMain] o.s.b.a.w.s.WelcomePageHandlerMapping    : Adding welcome page template: index
2022-09-09 13:31:02.886  INFO 17296 --- [restartedMain] o.s.b.d.a.OptionalLiveReloadServer       : LiveReload server is running on port 35729
2022-09-09 13:31:02.979  INFO 17296 --- [restartedMain] o.s.b.w.embedded.tomcat.TomcatWebServer  : Tomcat started on port(s): 8080 (http) with context path ''
2022-09-09 13:31:02.997  INFO 17296 --- [restartedMain] v.t.s.StoryReadingWebsiteApplication     : Started StoryReadingWebsiteApplication in 5.153 seconds (JVM running for 6.217)
2022-09-09 13:31:08.898  INFO 17296 --- [http-nio-8080-exec-2] o.a.c.c.C.[Tomcat].[localhost].[/]       : Initializing Spring DispatcherServlet 'dispatcherServlet'
2022-09-09 13:31:08.899  INFO 17296 --- [http-nio-8080-exec-2] o.s.web.servlet.DispatcherServlet        : Initializing Servlet 'dispatcherServlet'
2022-09-09 13:31:08.902  INFO 17296 --- [http-nio-8080-exec-2] o.s.web.servlet.DispatcherServlet        : Completed initialization in 3 ms
2022-09-09 13:31:09.691 ERROR 17296 --- [http-nio-8080-exec-4] v.t.s.controller.CustomErrorController   : Lỗi 404
2022-09-09 13:31:12.557 ERROR 17296 --- [http-nio-8080-exec-10] v.t.s.controller.CustomErrorController   : Lỗi 404
2022-09-09 13:31:16.099 ERROR 17296 --- [http-nio-8080-exec-8] v.t.s.controller.CustomErrorController   : Lỗi 404
2022-09-09 13:31:26.578  WARN 17296 --- [http-nio-8080-exec-9] .w.s.m.s.DefaultHandlerExceptionResolver : Resolved [org.springframework.validation.BindException: org.springframework.validation.BeanPropertyBindingResult: 1 errors<EOL>Field error in object 'story' on field 'title': rejected value []; codes [NotEmpty.story.title,NotEmpty.title,NotEmpty.java.lang.String,NotEmpty]; arguments [org.springframework.context.support.DefaultMessageSourceResolvable: codes [story.title,title]; arguments []; default message [title]]; default message [Cannot be empty]]
2022-09-09 13:31:26.581  WARN 17296 --- [http-nio-8080-exec-9] .w.s.m.s.DefaultHandlerExceptionResolver : Resolved [org.springframework.web.HttpRequestMethodNotSupportedException: Request method 'POST' not supported]
2022-09-09 13:31:29.697 ERROR 17296 --- [http-nio-8080-exec-10] v.t.s.controller.CustomErrorController   : Lỗi 404
2022-09-09 13:31:56.478  INFO 17296 --- [SpringApplicationShutdownHook] j.LocalContainerEntityManagerFactoryBean : Closing JPA EntityManagerFactory for persistence unit 'default'
2022-09-09 13:31:56.483  INFO 17296 --- [SpringApplicationShutdownHook] com.zaxxer.hikari.HikariDataSource       : HikariPool-1 - Shutdown initiated...
2022-09-09 13:31:56.491  INFO 17296 --- [SpringApplicationShutdownHook] com.zaxxer.hikari.HikariDataSource       : HikariPool-1 - Shutdown completed.
2022-09-09 13:32:01.090  INFO 960 --- [restartedMain] v.t.s.StoryReadingWebsiteApplication     : Starting StoryReadingWebsiteApplication using Java 17.0.3 on DESKTOP-UK4D7GR with PID 960 (D:\Techmaster\DoAn\StoryReadingWebsite\target\classes started by Hoang Dat in D:\Techmaster\DoAn\StoryReadingWebsite)
2022-09-09 13:32:01.093  INFO 960 --- [restartedMain] v.t.s.StoryReadingWebsiteApplication     : No active profile set, falling back to 1 default profile: "default"
2022-09-09 13:32:01.141  INFO 960 --- [restartedMain] .e.DevToolsPropertyDefaultsPostProcessor : Devtools property defaults active! Set 'spring.devtools.add-properties' to 'false' to disable
2022-09-09 13:32:01.142  INFO 960 --- [restartedMain] .e.DevToolsPropertyDefaultsPostProcessor : For additional web related logging consider setting the 'logging.level.web' property to 'DEBUG'
2022-09-09 13:32:01.876  INFO 960 --- [restartedMain] .s.d.r.c.RepositoryConfigurationDelegate : Bootstrapping Spring Data JPA repositories in DEFAULT mode.
2022-09-09 13:32:01.947  INFO 960 --- [restartedMain] .s.d.r.c.RepositoryConfigurationDelegate : Finished Spring Data repository scanning in 64 ms. Found 5 JPA repository interfaces.
2022-09-09 13:32:02.480  INFO 960 --- [restartedMain] o.s.b.w.embedded.tomcat.TomcatWebServer  : Tomcat initialized with port(s): 8080 (http)
2022-09-09 13:32:02.487  INFO 960 --- [restartedMain] o.apache.catalina.core.StandardService   : Starting service [Tomcat]
2022-09-09 13:32:02.487  INFO 960 --- [restartedMain] org.apache.catalina.core.StandardEngine  : Starting Servlet engine: [Apache Tomcat/9.0.64]
2022-09-09 13:32:02.579  INFO 960 --- [restartedMain] o.a.c.c.C.[Tomcat].[localhost].[/]       : Initializing Spring embedded WebApplicationContext
2022-09-09 13:32:02.579  INFO 960 --- [restartedMain] w.s.c.ServletWebServerApplicationContext : Root WebApplicationContext: initialization completed in 1436 ms
2022-09-09 13:32:02.608  INFO 960 --- [restartedMain] com.zaxxer.hikari.HikariDataSource       : HikariPool-1 - Starting...
2022-09-09 13:32:02.611  WARN 960 --- [restartedMain] com.zaxxer.hikari.util.DriverDataSource  : Registered driver with driverClassName=com.mysql.jdbc.Driver was not found, trying direct instantiation.
2022-09-09 13:32:02.726  INFO 960 --- [restartedMain] com.zaxxer.hikari.HikariDataSource       : HikariPool-1 - Start completed.
2022-09-09 13:32:02.735  INFO 960 --- [restartedMain] o.s.b.a.h2.H2ConsoleAutoConfiguration    : H2 console available at '/h2-console'. Database available at 'jdbc:mysql://localhost:3306/truyendb?createDatabaseIfNotExist=true&useSSL=false&useJDBCCompliantTimezoneShift=true&useLegacyDatetimeCode=false&serverTimezone=UTC'
2022-09-09 13:32:02.795  WARN 960 --- [restartedMain] o.a.c.c.C.[Tomcat].[localhost].[/]       : Cannot deserialize session attribute [SPRING_SECURITY_CONTEXT] for session [EDED2DAB7B7AD39ABBEA7F46B192DD73]
2022-09-09 13:32:02.803 ERROR 960 --- [restartedMain] o.a.catalina.session.StandardManager     : Exception loading sessions from persistent storage

java.io.StreamCorruptedException: invalid type code: 00
	at java.base/java.io.ObjectInputStream.readObject0(ObjectInputStream.java:1775) ~[na:na]
	at java.base/java.io.ObjectInputStream$FieldValues.<init>(ObjectInputStream.java:2617) ~[na:na]
	at java.base/java.io.ObjectInputStream.defaultReadObject(ObjectInputStream.java:652) ~[na:na]
	at java.base/java.lang.Throwable.readObject(Throwable.java:912) ~[na:na]
	at java.base/jdk.internal.reflect.NativeMethodAccessorImpl.invoke0(Native Method) ~[na:na]
	at java.base/jdk.internal.reflect.NativeMethodAccessorImpl.invoke(NativeMethodAccessorImpl.java:77) ~[na:na]
	at java.base/jdk.internal.reflect.DelegatingMethodAccessorImpl.invoke(DelegatingMethodAccessorImpl.java:43) ~[na:na]
	at java.base/java.lang.reflect.Method.invoke(Method.java:568) ~[na:na]
	at java.base/java.io.ObjectStreamClass.invokeReadObject(ObjectStreamClass.java:1231) ~[na:na]
	at java.base/java.io.ObjectInputStream.readSerialData(ObjectInputStream.java:2434) ~[na:na]
	at java.base/java.io.ObjectInputStream.readOrdinaryObject(ObjectInputStream.java:2268) ~[na:na]
	at java.base/java.io.ObjectInputStream.readObject0(ObjectInputStream.java:1744) ~[na:na]
	at java.base/java.io.ObjectInputStream.readObject(ObjectInputStream.java:514) ~[na:na]
	at java.base/java.io.ObjectInputStream.readObject(ObjectInputStream.java:472) ~[na:na]
	at org.apache.catalina.session.StandardSession.doReadObject(StandardSession.java:1564) ~[tomcat-embed-core-9.0.64.jar:9.0.64]
	at org.apache.catalina.session.StandardSession.readObjectData(StandardSession.java:1050) ~[tomcat-embed-core-9.0.64.jar:9.0.64]
	at org.apache.catalina.session.StandardManager.doLoad(StandardManager.java:219) ~[tomcat-embed-core-9.0.64.jar:9.0.64]
	at org.apache.catalina.session.StandardManager.load(StandardManager.java:162) ~[tomcat-embed-core-9.0.64.jar:9.0.64]
	at org.apache.catalina.session.StandardManager.startInternal(StandardManager.java:356) ~[tomcat-embed-core-9.0.64.jar:9.0.64]
	at org.apache.catalina.util.LifecycleBase.start(LifecycleBase.java:183) ~[tomcat-embed-core-9.0.64.jar:9.0.64]
	at org.apache.catalina.core.StandardContext.startInternal(StandardContext.java:5247) ~[tomcat-embed-core-9.0.64.jar:9.0.64]
	at org.apache.catalina.util.LifecycleBase.start(LifecycleBase.java:183) ~[tomcat-embed-core-9.0.64.jar:9.0.64]
	at org.apache.catalina.core.ContainerBase$StartChild.call(ContainerBase.java:1396) ~[tomcat-embed-core-9.0.64.jar:9.0.64]
	at org.apache.catalina.core.ContainerBase$StartChild.call(ContainerBase.java:1386) ~[tomcat-embed-core-9.0.64.jar:9.0.64]
	at java.base/java.util.concurrent.FutureTask.run(FutureTask.java:264) ~[na:na]
	at org.apache.tomcat.util.threads.InlineExecutorService.execute(InlineExecutorService.java:75) ~[tomcat-embed-core-9.0.64.jar:9.0.64]
	at java.base/java.util.concurrent.AbstractExecutorService.submit(AbstractExecutorService.java:145) ~[na:na]
	at org.apache.catalina.core.ContainerBase.startInternal(ContainerBase.java:919) ~[tomcat-embed-core-9.0.64.jar:9.0.64]
	at org.apache.catalina.core.StandardHost.startInternal(StandardHost.java:835) ~[tomcat-embed-core-9.0.64.jar:9.0.64]
	at org.apache.catalina.util.LifecycleBase.start(LifecycleBase.java:183) ~[tomcat-embed-core-9.0.64.jar:9.0.64]
	at org.apache.catalina.core.ContainerBase$StartChild.call(ContainerBase.java:1396) ~[tomcat-embed-core-9.0.64.jar:9.0.64]
	at org.apache.catalina.core.ContainerBase$StartChild.call(ContainerBase.java:1386) ~[tomcat-embed-core-9.0.64.jar:9.0.64]
	at java.base/java.util.concurrent.FutureTask.run(FutureTask.java:264) ~[na:na]
	at org.apache.tomcat.util.threads.InlineExecutorService.execute(InlineExecutorService.java:75) ~[tomcat-embed-core-9.0.64.jar:9.0.64]
	at java.base/java.util.concurrent.AbstractExecutorService.submit(AbstractExecutorService.java:145) ~[na:na]
	at org.apache.catalina.core.ContainerBase.startInternal(ContainerBase.java:919) ~[tomcat-embed-core-9.0.64.jar:9.0.64]
	at org.apache.catalina.core.StandardEngine.startInternal(StandardEngine.java:263) ~[tomcat-embed-core-9.0.64.jar:9.0.64]
	at org.apache.catalina.util.LifecycleBase.start(LifecycleBase.java:183) ~[tomcat-embed-core-9.0.64.jar:9.0.64]
	at org.apache.catalina.core.StandardService.startInternal(StandardService.java:432) ~[tomcat-embed-core-9.0.64.jar:9.0.64]
	at org.apache.catalina.util.LifecycleBase.start(LifecycleBase.java:183) ~[tomcat-embed-core-9.0.64.jar:9.0.64]
	at org.apache.catalina.core.StandardServer.startInternal(StandardServer.java:930) ~[tomcat-embed-core-9.0.64.jar:9.0.64]
	at org.apache.catalina.util.LifecycleBase.start(LifecycleBase.java:183) ~[tomcat-embed-core-9.0.64.jar:9.0.64]
	at org.apache.catalina.startup.Tomcat.start(Tomcat.java:486) ~[tomcat-embed-core-9.0.64.jar:9.0.64]
	at org.springframework.boot.web.embedded.tomcat.TomcatWebServer.initialize(TomcatWebServer.java:123) ~[spring-boot-2.7.1.jar:2.7.1]
	at org.springframework.boot.web.embedded.tomcat.TomcatWebServer.<init>(TomcatWebServer.java:104) ~[spring-boot-2.7.1.jar:2.7.1]
	at org.springframework.boot.web.embedded.tomcat.TomcatServletWebServerFactory.getTomcatWebServer(TomcatServletWebServerFactory.java:479) ~[spring-boot-2.7.1.jar:2.7.1]
	at org.springframework.boot.web.embedded.tomcat.TomcatServletWebServerFactory.getWebServer(TomcatServletWebServerFactory.java:211) ~[spring-boot-2.7.1.jar:2.7.1]
	at org.springframework.boot.web.servlet.context.ServletWebServerApplicationContext.createWebServer(ServletWebServerApplicationContext.java:184) ~[spring-boot-2.7.1.jar:2.7.1]
	at org.springframework.boot.web.servlet.context.ServletWebServerApplicationContext.onRefresh(ServletWebServerApplicationContext.java:162) ~[spring-boot-2.7.1.jar:2.7.1]
	at org.springframework.context.support.AbstractApplicationContext.refresh(AbstractApplicationContext.java:577) ~[spring-context-5.3.21.jar:5.3.21]
	at org.springframework.boot.web.servlet.context.ServletWebServerApplicationContext.refresh(ServletWebServerApplicationContext.java:147) ~[spring-boot-2.7.1.jar:2.7.1]
	at org.springframework.boot.SpringApplication.refresh(SpringApplication.java:734) ~[spring-boot-2.7.1.jar:2.7.1]
	at org.springframework.boot.SpringApplication.refreshContext(SpringApplication.java:408) ~[spring-boot-2.7.1.jar:2.7.1]
	at org.springframework.boot.SpringApplication.run(SpringApplication.java:308) ~[spring-boot-2.7.1.jar:2.7.1]
	at org.springframework.boot.SpringApplication.run(SpringApplication.java:1306) ~[spring-boot-2.7.1.jar:2.7.1]
	at org.springframework.boot.SpringApplication.run(SpringApplication.java:1295) ~[spring-boot-2.7.1.jar:2.7.1]
	at vn.techmaster.storyreadingwebsite.StoryReadingWebsiteApplication.main(StoryReadingWebsiteApplication.java:18) ~[classes/:na]
	at java.base/jdk.internal.reflect.NativeMethodAccessorImpl.invoke0(Native Method) ~[na:na]
	at java.base/jdk.internal.reflect.NativeMethodAccessorImpl.invoke(NativeMethodAccessorImpl.java:77) ~[na:na]
	at java.base/jdk.internal.reflect.DelegatingMethodAccessorImpl.invoke(DelegatingMethodAccessorImpl.java:43) ~[na:na]
	at java.base/java.lang.reflect.Method.invoke(Method.java:568) ~[na:na]
	at org.springframework.boot.devtools.restart.RestartLauncher.run(RestartLauncher.java:49) ~[spring-boot-devtools-2.7.1.jar:2.7.1]

2022-09-09 13:32:02.870  INFO 960 --- [restartedMain] o.hibernate.jpa.internal.util.LogHelper  : HHH000204: Processing PersistenceUnitInfo [name: default]
2022-09-09 13:32:02.902  INFO 960 --- [restartedMain] org.hibernate.Version                    : HHH000412: Hibernate ORM core version 5.6.9.Final
2022-09-09 13:32:03.030  INFO 960 --- [restartedMain] o.hibernate.annotations.common.Version   : HCANN000001: Hibernate Commons Annotations {5.1.2.Final}
2022-09-09 13:32:03.140  INFO 960 --- [restartedMain] org.hibernate.dialect.Dialect            : HHH000400: Using dialect: org.hibernate.dialect.MySQL5InnoDBDialect
2022-09-09 13:32:03.878  INFO 960 --- [restartedMain] o.h.e.t.j.p.i.JtaPlatformInitiator       : HHH000490: Using JtaPlatform implementation: [org.hibernate.engine.transaction.jta.platform.internal.NoJtaPlatform]
2022-09-09 13:32:03.885  INFO 960 --- [restartedMain] j.LocalContainerEntityManagerFactoryBean : Initialized JPA EntityManagerFactory for persistence unit 'default'
2022-09-09 13:32:04.505  INFO 960 --- [restartedMain] o.s.s.web.DefaultSecurityFilterChain     : Will secure Ant [pattern='/admin/**'] with [org.springframework.security.web.session.DisableEncodeUrlFilter@2d5fdce0, org.springframework.security.web.context.request.async.WebAsyncManagerIntegrationFilter@966850f, org.springframework.security.web.context.SecurityContextPersistenceFilter@537902e8, org.springframework.security.web.header.HeaderWriterFilter@6a908089, org.springframework.security.web.csrf.CsrfFilter@599a41cf, org.springframework.security.web.authentication.logout.LogoutFilter@2bf90eae, org.springframework.security.web.authentication.UsernamePasswordAuthenticationFilter@6ca4e32a, org.springframework.security.web.savedrequest.RequestCacheAwareFilter@1cbc3c16, org.springframework.security.web.servletapi.SecurityContextHolderAwareRequestFilter@1573bf42, org.springframework.security.web.authentication.AnonymousAuthenticationFilter@42908aba, org.springframework.security.web.session.SessionManagementFilter@289a5347, org.springframework.security.web.access.ExceptionTranslationFilter@31c8dc69, org.springframework.security.web.access.intercept.FilterSecurityInterceptor@f8ed3ba]
2022-09-09 13:32:04.647  WARN 960 --- [restartedMain] JpaBaseConfiguration$JpaWebConfiguration : spring.jpa.open-in-view is enabled by default. Therefore, database queries may be performed during view rendering. Explicitly configure spring.jpa.open-in-view to disable this warning
2022-09-09 13:32:04.783  INFO 960 --- [restartedMain] o.s.b.a.w.s.WelcomePageHandlerMapping    : Adding welcome page template: index
2022-09-09 13:32:05.773  INFO 960 --- [restartedMain] o.s.b.d.a.OptionalLiveReloadServer       : LiveReload server is running on port 35729
2022-09-09 13:32:05.815  INFO 960 --- [restartedMain] o.s.b.w.embedded.tomcat.TomcatWebServer  : Tomcat started on port(s): 8080 (http) with context path ''
2022-09-09 13:32:05.828  INFO 960 --- [restartedMain] v.t.s.StoryReadingWebsiteApplication     : Started StoryReadingWebsiteApplication in 5.135 seconds (JVM running for 6.299)
2022-09-09 13:32:13.610  INFO 960 --- [http-nio-8080-exec-1] o.a.c.c.C.[Tomcat].[localhost].[/]       : Initializing Spring DispatcherServlet 'dispatcherServlet'
2022-09-09 13:32:13.611  INFO 960 --- [http-nio-8080-exec-1] o.s.web.servlet.DispatcherServlet        : Initializing Servlet 'dispatcherServlet'
2022-09-09 13:32:13.612  INFO 960 --- [http-nio-8080-exec-1] o.s.web.servlet.DispatcherServlet        : Completed initialization in 1 ms
2022-09-09 13:32:18.092 ERROR 960 --- [http-nio-8080-exec-9] v.t.s.controller.CustomErrorController   : Lỗi 404
2022-09-09 13:32:37.606  INFO 960 --- [SpringApplicationShutdownHook] j.LocalContainerEntityManagerFactoryBean : Closing JPA EntityManagerFactory for persistence unit 'default'
2022-09-09 13:32:37.610  INFO 960 --- [SpringApplicationShutdownHook] com.zaxxer.hikari.HikariDataSource       : HikariPool-1 - Shutdown initiated...
2022-09-09 13:32:37.616  INFO 960 --- [SpringApplicationShutdownHook] com.zaxxer.hikari.HikariDataSource       : HikariPool-1 - Shutdown completed.
2022-09-09 13:32:41.294  INFO 18996 --- [restartedMain] v.t.s.StoryReadingWebsiteApplication     : Starting StoryReadingWebsiteApplication using Java 17.0.3 on DESKTOP-UK4D7GR with PID 18996 (D:\Techmaster\DoAn\StoryReadingWebsite\target\classes started by Hoang Dat in D:\Techmaster\DoAn\StoryReadingWebsite)
2022-09-09 13:32:41.296  INFO 18996 --- [restartedMain] v.t.s.StoryReadingWebsiteApplication     : No active profile set, falling back to 1 default profile: "default"
2022-09-09 13:32:41.349  INFO 18996 --- [restartedMain] .e.DevToolsPropertyDefaultsPostProcessor : Devtools property defaults active! Set 'spring.devtools.add-properties' to 'false' to disable
2022-09-09 13:32:41.350  INFO 18996 --- [restartedMain] .e.DevToolsPropertyDefaultsPostProcessor : For additional web related logging consider setting the 'logging.level.web' property to 'DEBUG'
2022-09-09 13:32:42.137  INFO 18996 --- [restartedMain] .s.d.r.c.RepositoryConfigurationDelegate : Bootstrapping Spring Data JPA repositories in DEFAULT mode.
2022-09-09 13:32:42.211  INFO 18996 --- [restartedMain] .s.d.r.c.RepositoryConfigurationDelegate : Finished Spring Data repository scanning in 67 ms. Found 5 JPA repository interfaces.
2022-09-09 13:32:42.749  INFO 18996 --- [restartedMain] o.s.b.w.embedded.tomcat.TomcatWebServer  : Tomcat initialized with port(s): 8080 (http)
2022-09-09 13:32:42.756  INFO 18996 --- [restartedMain] o.apache.catalina.core.StandardService   : Starting service [Tomcat]
2022-09-09 13:32:42.756  INFO 18996 --- [restartedMain] org.apache.catalina.core.StandardEngine  : Starting Servlet engine: [Apache Tomcat/9.0.64]
2022-09-09 13:32:42.853  INFO 18996 --- [restartedMain] o.a.c.c.C.[Tomcat].[localhost].[/]       : Initializing Spring embedded WebApplicationContext
2022-09-09 13:32:42.853  INFO 18996 --- [restartedMain] w.s.c.ServletWebServerApplicationContext : Root WebApplicationContext: initialization completed in 1503 ms
2022-09-09 13:32:42.879  INFO 18996 --- [restartedMain] com.zaxxer.hikari.HikariDataSource       : HikariPool-1 - Starting...
2022-09-09 13:32:42.883  WARN 18996 --- [restartedMain] com.zaxxer.hikari.util.DriverDataSource  : Registered driver with driverClassName=com.mysql.jdbc.Driver was not found, trying direct instantiation.
2022-09-09 13:32:42.989  INFO 18996 --- [restartedMain] com.zaxxer.hikari.HikariDataSource       : HikariPool-1 - Start completed.
2022-09-09 13:32:42.997  INFO 18996 --- [restartedMain] o.s.b.a.h2.H2ConsoleAutoConfiguration    : H2 console available at '/h2-console'. Database available at 'jdbc:mysql://localhost:3306/truyendb?createDatabaseIfNotExist=true&useSSL=false&useJDBCCompliantTimezoneShift=true&useLegacyDatetimeCode=false&serverTimezone=UTC'
2022-09-09 13:32:43.060  WARN 18996 --- [restartedMain] o.a.c.c.C.[Tomcat].[localhost].[/]       : Cannot deserialize session attribute [SPRING_SECURITY_CONTEXT] for session [7A9CD1BA7C7A8E61F444AE585A75AB0F]
2022-09-09 13:32:43.130  INFO 18996 --- [restartedMain] o.hibernate.jpa.internal.util.LogHelper  : HHH000204: Processing PersistenceUnitInfo [name: default]
2022-09-09 13:32:43.162  INFO 18996 --- [restartedMain] org.hibernate.Version                    : HHH000412: Hibernate ORM core version 5.6.9.Final
2022-09-09 13:32:43.272  INFO 18996 --- [restartedMain] o.hibernate.annotations.common.Version   : HCANN000001: Hibernate Commons Annotations {5.1.2.Final}
2022-09-09 13:32:43.344  INFO 18996 --- [restartedMain] org.hibernate.dialect.Dialect            : HHH000400: Using dialect: org.hibernate.dialect.MySQL5InnoDBDialect
2022-09-09 13:32:44.007  INFO 18996 --- [restartedMain] o.h.e.t.j.p.i.JtaPlatformInitiator       : HHH000490: Using JtaPlatform implementation: [org.hibernate.engine.transaction.jta.platform.internal.NoJtaPlatform]
2022-09-09 13:32:44.015  INFO 18996 --- [restartedMain] j.LocalContainerEntityManagerFactoryBean : Initialized JPA EntityManagerFactory for persistence unit 'default'
2022-09-09 13:32:44.675  INFO 18996 --- [restartedMain] o.s.s.web.DefaultSecurityFilterChain     : Will secure Ant [pattern='/admin/**'] with [org.springframework.security.web.session.DisableEncodeUrlFilter@2ddf5970, org.springframework.security.web.context.request.async.WebAsyncManagerIntegrationFilter@44f00769, org.springframework.security.web.context.SecurityContextPersistenceFilter@18ba5716, org.springframework.security.web.header.HeaderWriterFilter@6a249f4b, org.springframework.security.web.csrf.CsrfFilter@45d7735e, org.springframework.security.web.authentication.logout.LogoutFilter@5f2d1fc2, org.springframework.security.web.authentication.UsernamePasswordAuthenticationFilter@1f553d4d, org.springframework.security.web.savedrequest.RequestCacheAwareFilter@35b44ba7, org.springframework.security.web.servletapi.SecurityContextHolderAwareRequestFilter@19566af9, org.springframework.security.web.authentication.AnonymousAuthenticationFilter@72f9e5ef, org.springframework.security.web.session.SessionManagementFilter@7c466051, org.springframework.security.web.access.ExceptionTranslationFilter@2492a7b9, org.springframework.security.web.access.intercept.FilterSecurityInterceptor@3f72b58e]
2022-09-09 13:32:44.790  WARN 18996 --- [restartedMain] JpaBaseConfiguration$JpaWebConfiguration : spring.jpa.open-in-view is enabled by default. Therefore, database queries may be performed during view rendering. Explicitly configure spring.jpa.open-in-view to disable this warning
2022-09-09 13:32:44.937  INFO 18996 --- [restartedMain] o.s.b.a.w.s.WelcomePageHandlerMapping    : Adding welcome page template: index
2022-09-09 13:32:46.166  INFO 18996 --- [restartedMain] o.s.b.d.a.OptionalLiveReloadServer       : LiveReload server is running on port 35729
2022-09-09 13:32:46.212  INFO 18996 --- [restartedMain] o.s.b.w.embedded.tomcat.TomcatWebServer  : Tomcat started on port(s): 8080 (http) with context path ''
2022-09-09 13:32:46.226  INFO 18996 --- [restartedMain] v.t.s.StoryReadingWebsiteApplication     : Started StoryReadingWebsiteApplication in 5.336 seconds (JVM running for 6.295)
2022-09-09 13:32:49.919  INFO 18996 --- [SpringApplicationShutdownHook] j.LocalContainerEntityManagerFactoryBean : Closing JPA EntityManagerFactory for persistence unit 'default'
2022-09-09 13:32:49.923  INFO 18996 --- [SpringApplicationShutdownHook] com.zaxxer.hikari.HikariDataSource       : HikariPool-1 - Shutdown initiated...
2022-09-09 13:32:49.929  INFO 18996 --- [SpringApplicationShutdownHook] com.zaxxer.hikari.HikariDataSource       : HikariPool-1 - Shutdown completed.
